<?xml version="1.0" encoding="UTF-8"?>
<testng-results ignored="0" total="1" passed="1" failed="0" skipped="0">
  <reporter-output>
    <line>
      <![CDATA[Categories text is visible]]>
    </line>
    <line>
      <![CDATA[Dress product is visible]]>
    </line>
    <line>
      <![CDATA[Tshirt page is visible]]>
    </line>
  </reporter-output>
  <suite started-at="2025-08-27T21:55:40 IST" name="Default suite" finished-at="2025-08-27T21:58:58 IST" duration-ms="197697">
    <groups>
    </groups>
    <test started-at="2025-08-27T21:55:40 IST" name="Default test" finished-at="2025-08-27T21:58:58 IST" duration-ms="197697">
      <class name="viewCategoryProducts.TC_AP_013_Test">
        <test-method is-config="true" signature="reportconfig()[pri:0, instance:viewCategoryProducts.TC_AP_013_Test@413d1baf]" started-at="2025-08-27T21:55:39 IST" name="reportconfig" finished-at="2025-08-27T21:55:40 IST" duration-ms="649" status="PASS">
          <reporter-output>
          </reporter-output>
        </test-method> <!-- reportconfig -->
        <test-method is-config="true" signature="openBrowser()[pri:0, instance:viewCategoryProducts.TC_AP_013_Test@413d1baf]" started-at="2025-08-27T21:55:40 IST" name="openBrowser" finished-at="2025-08-27T21:57:42 IST" duration-ms="121731" status="PASS">
          <reporter-output>
          </reporter-output>
        </test-method> <!-- openBrowser -->
        <test-method signature="viewcatProduct()[pri:0, instance:viewCategoryProducts.TC_AP_013_Test@413d1baf]" started-at="2025-08-27T21:57:42 IST" name="viewcatProduct" finished-at="2025-08-27T21:58:56 IST" duration-ms="73914" status="PASS">
          <reporter-output>
            <line>
              <![CDATA[Categories text is visible]]>
            </line>
            <line>
              <![CDATA[Dress product is visible]]>
            </line>
            <line>
              <![CDATA[Tshirt page is visible]]>
            </line>
          </reporter-output>
        </test-method> <!-- viewcatProduct -->
        <test-method is-config="true" signature="closeBrowser()[pri:0, instance:viewCategoryProducts.TC_AP_013_Test@413d1baf]" started-at="2025-08-27T21:58:56 IST" name="closeBrowser" finished-at="2025-08-27T21:58:58 IST" duration-ms="1897" status="PASS">
          <reporter-output>
          </reporter-output>
        </test-method> <!-- closeBrowser -->
        <test-method is-config="true" signature="reportBackup()[pri:0, instance:viewCategoryProducts.TC_AP_013_Test@413d1baf]" started-at="2025-08-27T21:58:58 IST" name="reportBackup" finished-at="2025-08-27T21:58:59 IST" duration-ms="1149" status="PASS">
          <reporter-output>
          </reporter-output>
        </test-method> <!-- reportBackup -->
      </class> <!-- viewCategoryProducts.TC_AP_013_Test -->
    </test> <!-- Default test -->
  </suite> <!-- Default suite -->
</testng-results>
